{"logLevel":"debug","message":"multithreading is set to false"}
{"logLevel":"debug","message":"Using reflection to scan dependencies for gauge implementations..."}
{"logLevel":"debug","message":"gauge-java took 730milliseconds to load and scan. This should be less than 'runner_connection_timeout' config value."}
{"logLevel":"debug","message":"run 'gauge config runner_connection_timeout' and verify that it is < 730"}
{"logLevel":"debug","message":"starting gRPC server..."}
{"logLevel":"debug","message":"started gRPC server on port 64920"}
{"logLevel":"info","message":"Listening on port:64920"}
{"logLevel":"debug","message":"Scanning packages for steps"}
{"logLevel":"debug","message":"Comparing 'LoginSteps.EnterUsername' and 'LoginSteps.EnterUsername'"}
{"logLevel":"debug","message":"Found {} Username is entered in current project scope."}
{"logLevel":"debug","message":"Comparing 'LoginSteps.ClickButton' and 'LoginSteps.ClickButton'"}
{"logLevel":"debug","message":"Found Login button is clicked in current project scope."}
{"logLevel":"debug","message":"Comparing 'HomeSteps.OpenPage' and 'HomeSteps.OpenPage'"}
{"logLevel":"debug","message":"Found Open WebSite in current project scope."}
{"logLevel":"debug","message":"Scanning packages for hooks"}
{"logLevel":"debug","message":"Scanned steps (using static parsing + reflections): "}
{"logLevel":"debug","message":"\tLogin button is clicked : public void ClickButton() throws InterruptedException"}
{"logLevel":"debug","message":"\t{} Username is entered : public void EnterUsername(String key)"}
{"logLevel":"debug","message":"\tOpen WebSite : public void OpenPage()"}
Starting ChromeDriver 84.0.4147.30 (48b3e868b4cc0aa7e8149519690b6f6949e110a8-refs/branch-heads/4147@{#310}) on port 36072
Only local connections are allowed.
Please see https://chromedriver.chromium.org/security-considerations for suggestions on keeping ChromeDriver safe.
ChromeDriver was started successfully.
Ağu 12, 2020 5:39:52 PM org.openqa.selenium.remote.ProtocolHandshake createSession
INFO: Detected dialect: W3C
{"logLevel":"debug","message":"Executing 'Open WebSite' using 'class HomeSteps.OpenPage"}
{"logLevel":"debug","message":"Executing 'Login button is clicked' using 'class LoginSteps.ClickButton"}
{"logLevel":"debug","message":"Executing '{} Username is entered' using 'class LoginSteps.EnterUsername"}
